<?xml version="1.0" encoding="UTF-8"?>
<testng-results skipped="0" failed="0" total="0" passed="0">
  <reporter-output>
  </reporter-output>
  <suite name="com.demo.tests.LoginTest" duration-ms="2" started-at="2019-11-13T11:02:35Z" finished-at="2019-11-13T11:02:35Z">
    <groups>
    </groups>
    <test name="Command line test" duration-ms="2" started-at="2019-11-13T11:02:35Z" finished-at="2019-11-13T11:02:35Z">
    </test> <!-- Command line test -->
  </suite> <!-- com.demo.tests.LoginTest -->
</testng-results>
