<?xml version="1.0" encoding="UTF-8"?>
<testng-results skipped="0" failed="0" ignored="0" total="1" passed="1">
  <reporter-output>
  </reporter-output>
  <suite name="Default suite" duration-ms="8702" started-at="2019-11-13T19:10:35 IST" finished-at="2019-11-13T19:10:43 IST">
    <groups>
    </groups>
    <test name="Default test" duration-ms="8702" started-at="2019-11-13T19:10:35 IST" finished-at="2019-11-13T19:10:43 IST">
      <class name="com.demo.tests.LoginTest">
        <test-method status="PASS" signature="appLaunching()[pri:0, instance:com.demo.tests.LoginTest@614ddd49]" name="appLaunching" is-config="true" duration-ms="7309" started-at="2019-11-13T19:10:27 IST" finished-at="2019-11-13T19:10:35 IST">
          <reporter-output>
          </reporter-output>
        </test-method> <!-- appLaunching -->
        <test-method status="PASS" signature="verifyApplicationLaunched()[pri:0, instance:com.demo.tests.LoginTest@614ddd49]" name="verifyApplicationLaunched" is-config="true" duration-ms="57" started-at="2019-11-13T19:10:35 IST" finished-at="2019-11-13T19:10:35 IST">
          <reporter-output>
          </reporter-output>
        </test-method> <!-- verifyApplicationLaunched -->
        <test-method status="PASS" signature="loginToApplication()[pri:0, instance:com.demo.tests.LoginTest@614ddd49]" name="loginToApplication" duration-ms="8616" started-at="2019-11-13T19:10:35 IST" finished-at="2019-11-13T19:10:43 IST">
          <reporter-output>
          </reporter-output>
        </test-method> <!-- loginToApplication -->
        <test-method status="FAIL" signature="execution()[pri:0, instance:com.demo.tests.LoginTest@614ddd49]" name="execution" is-config="true" duration-ms="1" started-at="2019-11-13T19:10:43 IST" finished-at="2019-11-13T19:10:43 IST">
          <exception class="java.lang.NullPointerException">
            <full-stacktrace>
              <![CDATA[java.lang.NullPointerException
at com.demo.DriverManager.DriverCreation.tearDown(DriverCreation.java:70)
at com.demo.tests.LoginTest.execution(LoginTest.java:41)
at sun.reflect.NativeMethodAccessorImpl.invoke0(Native Method)
at sun.reflect.NativeMethodAccessorImpl.invoke(NativeMethodAccessorImpl.java:62)
at sun.reflect.DelegatingMethodAccessorImpl.invoke(DelegatingMethodAccessorImpl.java:43)
at java.lang.reflect.Method.invoke(Method.java:498)
at org.testng.internal.MethodInvocationHelper.invokeMethod(MethodInvocationHelper.java:133)
at org.testng.internal.MethodInvocationHelper.invokeMethodConsideringTimeout(MethodInvocationHelper.java:62)
at org.testng.internal.ConfigInvoker.invokeConfigurationMethod(ConfigInvoker.java:340)
at org.testng.internal.ConfigInvoker.invokeConfigurations(ConfigInvoker.java:294)
at org.testng.SuiteRunner.privateRun(SuiteRunner.java:369)
at org.testng.SuiteRunner.run(SuiteRunner.java:304)
at org.testng.SuiteRunnerWorker.runSuite(SuiteRunnerWorker.java:53)
at org.testng.SuiteRunnerWorker.run(SuiteRunnerWorker.java:96)
at org.testng.TestNG.runSuitesSequentially(TestNG.java:1180)
at org.testng.TestNG.runSuitesLocally(TestNG.java:1102)
at org.testng.TestNG.runSuites(TestNG.java:1032)
at org.testng.TestNG.run(TestNG.java:1000)
at org.testng.remote.AbstractRemoteTestNG.run(AbstractRemoteTestNG.java:115)
at org.testng.remote.RemoteTestNG.initAndRun(RemoteTestNG.java:251)
at org.testng.remote.RemoteTestNG.main(RemoteTestNG.java:77)
]]>
            </full-stacktrace>
          </exception> <!-- java.lang.NullPointerException -->
          <reporter-output>
          </reporter-output>
        </test-method> <!-- execution -->
      </class> <!-- com.demo.tests.LoginTest -->
    </test> <!-- Default test -->
  </suite> <!-- Default suite -->
</testng-results>
